{"/Users/giscam/Documents/Disney-animation/src/app.js": {"path":"/Users/giscam/Documents/Disney-animation/src/app.js","statementMap":{"0":{"start":{"line":1,"column":16},"end":{"line":1,"column":34}},"1":{"start":{"line":2,"column":19},"end":{"line":2,"column":41}},"2":{"start":{"line":3,"column":16},"end":{"line":3,"column":39}},"3":{"start":{"line":4,"column":29},"end":{"line":4,"column":62}},"4":{"start":{"line":5,"column":0},"end":{"line":5,"column":27}},"5":{"start":{"line":16,"column":13},"end":{"line":16,"column":37}},"6":{"start":{"line":17,"column":12},"end":{"line":17,"column":21}},"7":{"start":{"line":19,"column":0},"end":{"line":20,"column":25}},"8":{"start":{"line":21,"column":2},"end":{"line":29,"column":33}},"9":{"start":{"line":22,"column":4},"end":{"line":22,"column":54}},"10":{"start":{"line":23,"column":4},"end":{"line":26,"column":6}},"11":{"start":{"line":27,"column":4},"end":{"line":27,"column":11}},"12":{"start":{"line":40,"column":2},"end":{"line":42,"column":5}},"13":{"start":{"line":41,"column":4},"end":{"line":41,"column":97}},"14":{"start":{"line":44,"column":0},"end":{"line":51,"column":3}},"15":{"start":{"line":45,"column":2},"end":{"line":50,"column":3}},"16":{"start":{"line":46,"column":4},"end":{"line":46,"column":21}},"17":{"start":{"line":48,"column":4},"end":{"line":48,"column":21}},"18":{"start":{"line":49,"column":4},"end":{"line":49,"column":60}}},"fnMap":{"0":{"name":"(anonymous_0)","decl":{"start":{"line":21,"column":10},"end":{"line":21,"column":11}},"loc":{"start":{"line":21,"column":30},"end":{"line":28,"column":3}},"line":21},"1":{"name":"(anonymous_1)","decl":{"start":{"line":40,"column":34},"end":{"line":40,"column":35}},"loc":{"start":{"line":40,"column":51},"end":{"line":42,"column":3}},"line":40},"2":{"name":"(anonymous_2)","decl":{"start":{"line":44,"column":15},"end":{"line":44,"column":16}},"loc":{"start":{"line":44,"column":33},"end":{"line":51,"column":1}},"line":44}},"branchMap":{"0":{"loc":{"start":{"line":16,"column":13},"end":{"line":16,"column":37}},"type":"binary-expr","locations":[{"start":{"line":16,"column":13},"end":{"line":16,"column":29}},{"start":{"line":16,"column":33},"end":{"line":16,"column":37}}],"line":16},"1":{"loc":{"start":{"line":45,"column":2},"end":{"line":50,"column":3}},"type":"if","locations":[{"start":{"line":45,"column":2},"end":{"line":50,"column":3}},{"start":{"line":47,"column":9},"end":{"line":50,"column":3}}],"line":45}},"s":{"0":2,"1":2,"2":2,"3":2,"4":2,"5":2,"6":2,"7":2,"8":2,"9":0,"10":0,"11":0,"12":2,"13":0,"14":2,"15":0,"16":0,"17":0,"18":0},"f":{"0":0,"1":0,"2":0},"b":{"0":[2,2],"1":[0,0]},"_coverageSchema":"1a1c01bbd47fc00a2c39e90264f33305004495a9","hash":"43dbe6a030ca185184c787b7fc98cf86a8357f5d"}
,"/Users/giscam/Documents/Disney-animation/src/controllers/characters.js": {"path":"/Users/giscam/Documents/Disney-animation/src/controllers/characters.js","statementMap":{"0":{"start":{"line":1,"column":16},"end":{"line":1,"column":40}},"1":{"start":{"line":2,"column":17},"end":{"line":2,"column":44}},"2":{"start":{"line":4,"column":15},"end":{"line":10,"column":1}},"3":{"start":{"line":5,"column":19},"end":{"line":5,"column":77}},"4":{"start":{"line":6,"column":4},"end":{"line":9,"column":7}},"5":{"start":{"line":7,"column":4},"end":{"line":7,"column":54}},"6":{"start":{"line":8,"column":4},"end":{"line":8,"column":32}},"7":{"start":{"line":12,"column":18},"end":{"line":26,"column":1}},"8":{"start":{"line":13,"column":2},"end":{"line":15,"column":3}},"9":{"start":{"line":14,"column":4},"end":{"line":14,"column":59}},"10":{"start":{"line":16,"column":24},"end":{"line":16,"column":51}},"11":{"start":{"line":17,"column":19},"end":{"line":21,"column":31}},"12":{"start":{"line":22,"column":4},"end":{"line":25,"column":3}},"13":{"start":{"line":23,"column":4},"end":{"line":23,"column":54}},"14":{"start":{"line":24,"column":4},"end":{"line":24,"column":35}},"15":{"start":{"line":28,"column":25},"end":{"line":41,"column":3}},"16":{"start":{"line":29,"column":22},"end":{"line":34,"column":5}},"17":{"start":{"line":35,"column":21},"end":{"line":35,"column":93}},"18":{"start":{"line":36,"column":4},"end":{"line":40,"column":5}},"19":{"start":{"line":37,"column":6},"end":{"line":37,"column":37}},"20":{"start":{"line":39,"column":6},"end":{"line":39,"column":98}},"21":{"start":{"line":43,"column":27},"end":{"line":65,"column":3}},"22":{"start":{"line":44,"column":4},"end":{"line":46,"column":5}},"23":{"start":{"line":45,"column":6},"end":{"line":45,"column":78}},"24":{"start":{"line":47,"column":24},"end":{"line":47,"column":51}},"25":{"start":{"line":48,"column":22},"end":{"line":53,"column":5}},"26":{"start":{"line":54,"column":21},"end":{"line":58,"column":50}},"27":{"start":{"line":59,"column":4},"end":{"line":59,"column":26}},"28":{"start":{"line":60,"column":4},"end":{"line":64,"column":5}},"29":{"start":{"line":61,"column":6},"end":{"line":61,"column":29}},"30":{"start":{"line":63,"column":6},"end":{"line":63,"column":98}},"31":{"start":{"line":67,"column":27},"end":{"line":79,"column":3}},"32":{"start":{"line":68,"column":4},"end":{"line":70,"column":5}},"33":{"start":{"line":69,"column":6},"end":{"line":69,"column":82}},"34":{"start":{"line":71,"column":24},"end":{"line":71,"column":51}},"35":{"start":{"line":72,"column":21},"end":{"line":72,"column":107}},"36":{"start":{"line":73,"column":4},"end":{"line":73,"column":26}},"37":{"start":{"line":74,"column":4},"end":{"line":78,"column":5}},"38":{"start":{"line":75,"column":6},"end":{"line":75,"column":29}},"39":{"start":{"line":77,"column":6},"end":{"line":77,"column":98}},"40":{"start":{"line":81,"column":2},"end":{"line":87,"column":4}}},"fnMap":{"0":{"name":"(anonymous_0)","decl":{"start":{"line":4,"column":15},"end":{"line":4,"column":16}},"loc":{"start":{"line":4,"column":41},"end":{"line":10,"column":1}},"line":4},"1":{"name":"(anonymous_1)","decl":{"start":{"line":6,"column":26},"end":{"line":6,"column":27}},"loc":{"start":{"line":6,"column":37},"end":{"line":9,"column":5}},"line":6},"2":{"name":"(anonymous_2)","decl":{"start":{"line":12,"column":18},"end":{"line":12,"column":19}},"loc":{"start":{"line":12,"column":44},"end":{"line":26,"column":1}},"line":12},"3":{"name":"(anonymous_3)","decl":{"start":{"line":22,"column":26},"end":{"line":22,"column":27}},"loc":{"start":{"line":22,"column":37},"end":{"line":25,"column":1}},"line":22},"4":{"name":"(anonymous_4)","decl":{"start":{"line":28,"column":25},"end":{"line":28,"column":26}},"loc":{"start":{"line":28,"column":45},"end":{"line":41,"column":3}},"line":28},"5":{"name":"(anonymous_5)","decl":{"start":{"line":43,"column":27},"end":{"line":43,"column":28}},"loc":{"start":{"line":43,"column":47},"end":{"line":65,"column":3}},"line":43},"6":{"name":"(anonymous_6)","decl":{"start":{"line":67,"column":27},"end":{"line":67,"column":28}},"loc":{"start":{"line":67,"column":47},"end":{"line":79,"column":3}},"line":67}},"branchMap":{"0":{"loc":{"start":{"line":13,"column":2},"end":{"line":15,"column":3}},"type":"if","locations":[{"start":{"line":13,"column":2},"end":{"line":15,"column":3}},{"start":{},"end":{}}],"line":13},"1":{"loc":{"start":{"line":36,"column":4},"end":{"line":40,"column":5}},"type":"if","locations":[{"start":{"line":36,"column":4},"end":{"line":40,"column":5}},{"start":{"line":38,"column":11},"end":{"line":40,"column":5}}],"line":36},"2":{"loc":{"start":{"line":39,"column":27},"end":{"line":39,"column":96}},"type":"binary-expr","locations":[{"start":{"line":39,"column":27},"end":{"line":39,"column":41}},{"start":{"line":39,"column":45},"end":{"line":39,"column":96}}],"line":39},"3":{"loc":{"start":{"line":44,"column":4},"end":{"line":46,"column":5}},"type":"if","locations":[{"start":{"line":44,"column":4},"end":{"line":46,"column":5}},{"start":{},"end":{}}],"line":44},"4":{"loc":{"start":{"line":60,"column":4},"end":{"line":64,"column":5}},"type":"if","locations":[{"start":{"line":60,"column":4},"end":{"line":64,"column":5}},{"start":{"line":62,"column":11},"end":{"line":64,"column":5}}],"line":60},"5":{"loc":{"start":{"line":63,"column":27},"end":{"line":63,"column":96}},"type":"binary-expr","locations":[{"start":{"line":63,"column":27},"end":{"line":63,"column":41}},{"start":{"line":63,"column":45},"end":{"line":63,"column":96}}],"line":63},"6":{"loc":{"start":{"line":68,"column":4},"end":{"line":70,"column":5}},"type":"if","locations":[{"start":{"line":68,"column":4},"end":{"line":70,"column":5}},{"start":{},"end":{}}],"line":68},"7":{"loc":{"start":{"line":74,"column":4},"end":{"line":78,"column":5}},"type":"if","locations":[{"start":{"line":74,"column":4},"end":{"line":78,"column":5}},{"start":{"line":76,"column":11},"end":{"line":78,"column":5}}],"line":74},"8":{"loc":{"start":{"line":77,"column":27},"end":{"line":77,"column":96}},"type":"binary-expr","locations":[{"start":{"line":77,"column":27},"end":{"line":77,"column":41}},{"start":{"line":77,"column":45},"end":{"line":77,"column":96}}],"line":77}},"s":{"0":2,"1":2,"2":2,"3":0,"4":0,"5":0,"6":0,"7":2,"8":0,"9":0,"10":0,"11":0,"12":0,"13":0,"14":0,"15":2,"16":0,"17":0,"18":0,"19":0,"20":0,"21":2,"22":0,"23":0,"24":0,"25":0,"26":0,"27":0,"28":0,"29":0,"30":0,"31":2,"32":0,"33":0,"34":0,"35":0,"36":0,"37":0,"38":0,"39":0,"40":2},"f":{"0":0,"1":0,"2":0,"3":0,"4":0,"5":0,"6":0},"b":{"0":[0,0],"1":[0,0],"2":[0,0],"3":[0,0],"4":[0,0],"5":[0,0],"6":[0,0],"7":[0,0],"8":[0,0]},"_coverageSchema":"1a1c01bbd47fc00a2c39e90264f33305004495a9","hash":"a0ac7d1364ebaebd945409c35676c3de4c1a5255"}
,"/Users/giscam/Documents/Disney-animation/src/controllers/eras.js": {"path":"/Users/giscam/Documents/Disney-animation/src/controllers/eras.js","statementMap":{"0":{"start":{"line":1,"column":16},"end":{"line":1,"column":40}},"1":{"start":{"line":2,"column":17},"end":{"line":2,"column":44}},"2":{"start":{"line":4,"column":15},"end":{"line":10,"column":1}},"3":{"start":{"line":5,"column":19},"end":{"line":5,"column":71}},"4":{"start":{"line":6,"column":4},"end":{"line":9,"column":7}},"5":{"start":{"line":7,"column":4},"end":{"line":7,"column":54}},"6":{"start":{"line":8,"column":4},"end":{"line":8,"column":32}},"7":{"start":{"line":12,"column":0},"end":{"line":14,"column":1}}},"fnMap":{"0":{"name":"(anonymous_0)","decl":{"start":{"line":4,"column":15},"end":{"line":4,"column":16}},"loc":{"start":{"line":4,"column":41},"end":{"line":10,"column":1}},"line":4},"1":{"name":"(anonymous_1)","decl":{"start":{"line":6,"column":26},"end":{"line":6,"column":27}},"loc":{"start":{"line":6,"column":37},"end":{"line":9,"column":5}},"line":6}},"branchMap":{},"s":{"0":2,"1":2,"2":2,"3":0,"4":0,"5":0,"6":0,"7":2},"f":{"0":0,"1":0},"b":{},"_coverageSchema":"1a1c01bbd47fc00a2c39e90264f33305004495a9","hash":"26aa7e1e9ee3d23dbdba74f46bb8b670afa900cb"}
,"/Users/giscam/Documents/Disney-animation/src/controllers/movies.js": {"path":"/Users/giscam/Documents/Disney-animation/src/controllers/movies.js","statementMap":{"0":{"start":{"line":1,"column":16},"end":{"line":1,"column":40}},"1":{"start":{"line":2,"column":17},"end":{"line":2,"column":44}},"2":{"start":{"line":4,"column":15},"end":{"line":10,"column":1}},"3":{"start":{"line":5,"column":19},"end":{"line":5,"column":73}},"4":{"start":{"line":6,"column":4},"end":{"line":9,"column":7}},"5":{"start":{"line":7,"column":4},"end":{"line":7,"column":54}},"6":{"start":{"line":8,"column":4},"end":{"line":8,"column":32}},"7":{"start":{"line":12,"column":18},"end":{"line":26,"column":1}},"8":{"start":{"line":13,"column":2},"end":{"line":15,"column":3}},"9":{"start":{"line":14,"column":4},"end":{"line":14,"column":54}},"10":{"start":{"line":16,"column":20},"end":{"line":16,"column":47}},"11":{"start":{"line":17,"column":19},"end":{"line":21,"column":27}},"12":{"start":{"line":22,"column":4},"end":{"line":25,"column":3}},"13":{"start":{"line":23,"column":4},"end":{"line":23,"column":54}},"14":{"start":{"line":24,"column":4},"end":{"line":24,"column":35}},"15":{"start":{"line":28,"column":21},"end":{"line":45,"column":3}},"16":{"start":{"line":29,"column":18},"end":{"line":38,"column":5}},"17":{"start":{"line":39,"column":21},"end":{"line":39,"column":85}},"18":{"start":{"line":40,"column":4},"end":{"line":44,"column":5}},"19":{"start":{"line":41,"column":6},"end":{"line":41,"column":37}},"20":{"start":{"line":43,"column":6},"end":{"line":43,"column":94}},"21":{"start":{"line":47,"column":23},"end":{"line":73,"column":3}},"22":{"start":{"line":48,"column":4},"end":{"line":50,"column":5}},"23":{"start":{"line":49,"column":6},"end":{"line":49,"column":74}},"24":{"start":{"line":51,"column":20},"end":{"line":51,"column":47}},"25":{"start":{"line":52,"column":18},"end":{"line":61,"column":5}},"26":{"start":{"line":62,"column":21},"end":{"line":66,"column":42}},"27":{"start":{"line":67,"column":4},"end":{"line":67,"column":26}},"28":{"start":{"line":68,"column":4},"end":{"line":72,"column":5}},"29":{"start":{"line":69,"column":6},"end":{"line":69,"column":29}},"30":{"start":{"line":71,"column":6},"end":{"line":71,"column":94}},"31":{"start":{"line":75,"column":23},"end":{"line":87,"column":3}},"32":{"start":{"line":76,"column":4},"end":{"line":78,"column":5}},"33":{"start":{"line":77,"column":6},"end":{"line":77,"column":74}},"34":{"start":{"line":79,"column":20},"end":{"line":79,"column":47}},"35":{"start":{"line":80,"column":21},"end":{"line":80,"column":99}},"36":{"start":{"line":81,"column":4},"end":{"line":81,"column":26}},"37":{"start":{"line":82,"column":4},"end":{"line":86,"column":5}},"38":{"start":{"line":83,"column":6},"end":{"line":83,"column":29}},"39":{"start":{"line":85,"column":6},"end":{"line":85,"column":94}},"40":{"start":{"line":89,"column":2},"end":{"line":95,"column":4}}},"fnMap":{"0":{"name":"(anonymous_0)","decl":{"start":{"line":4,"column":15},"end":{"line":4,"column":16}},"loc":{"start":{"line":4,"column":41},"end":{"line":10,"column":1}},"line":4},"1":{"name":"(anonymous_1)","decl":{"start":{"line":6,"column":26},"end":{"line":6,"column":27}},"loc":{"start":{"line":6,"column":37},"end":{"line":9,"column":5}},"line":6},"2":{"name":"(anonymous_2)","decl":{"start":{"line":12,"column":18},"end":{"line":12,"column":19}},"loc":{"start":{"line":12,"column":38},"end":{"line":26,"column":1}},"line":12},"3":{"name":"(anonymous_3)","decl":{"start":{"line":22,"column":26},"end":{"line":22,"column":27}},"loc":{"start":{"line":22,"column":37},"end":{"line":25,"column":1}},"line":22},"4":{"name":"(anonymous_4)","decl":{"start":{"line":28,"column":21},"end":{"line":28,"column":22}},"loc":{"start":{"line":28,"column":41},"end":{"line":45,"column":3}},"line":28},"5":{"name":"(anonymous_5)","decl":{"start":{"line":47,"column":23},"end":{"line":47,"column":24}},"loc":{"start":{"line":47,"column":43},"end":{"line":73,"column":3}},"line":47},"6":{"name":"(anonymous_6)","decl":{"start":{"line":75,"column":23},"end":{"line":75,"column":24}},"loc":{"start":{"line":75,"column":43},"end":{"line":87,"column":3}},"line":75}},"branchMap":{"0":{"loc":{"start":{"line":13,"column":2},"end":{"line":15,"column":3}},"type":"if","locations":[{"start":{"line":13,"column":2},"end":{"line":15,"column":3}},{"start":{},"end":{}}],"line":13},"1":{"loc":{"start":{"line":40,"column":4},"end":{"line":44,"column":5}},"type":"if","locations":[{"start":{"line":40,"column":4},"end":{"line":44,"column":5}},{"start":{"line":42,"column":11},"end":{"line":44,"column":5}}],"line":40},"2":{"loc":{"start":{"line":43,"column":27},"end":{"line":43,"column":92}},"type":"binary-expr","locations":[{"start":{"line":43,"column":27},"end":{"line":43,"column":41}},{"start":{"line":43,"column":45},"end":{"line":43,"column":92}}],"line":43},"3":{"loc":{"start":{"line":48,"column":4},"end":{"line":50,"column":5}},"type":"if","locations":[{"start":{"line":48,"column":4},"end":{"line":50,"column":5}},{"start":{},"end":{}}],"line":48},"4":{"loc":{"start":{"line":68,"column":4},"end":{"line":72,"column":5}},"type":"if","locations":[{"start":{"line":68,"column":4},"end":{"line":72,"column":5}},{"start":{"line":70,"column":11},"end":{"line":72,"column":5}}],"line":68},"5":{"loc":{"start":{"line":71,"column":27},"end":{"line":71,"column":92}},"type":"binary-expr","locations":[{"start":{"line":71,"column":27},"end":{"line":71,"column":41}},{"start":{"line":71,"column":45},"end":{"line":71,"column":92}}],"line":71},"6":{"loc":{"start":{"line":76,"column":4},"end":{"line":78,"column":5}},"type":"if","locations":[{"start":{"line":76,"column":4},"end":{"line":78,"column":5}},{"start":{},"end":{}}],"line":76},"7":{"loc":{"start":{"line":82,"column":4},"end":{"line":86,"column":5}},"type":"if","locations":[{"start":{"line":82,"column":4},"end":{"line":86,"column":5}},{"start":{"line":84,"column":11},"end":{"line":86,"column":5}}],"line":82},"8":{"loc":{"start":{"line":85,"column":27},"end":{"line":85,"column":92}},"type":"binary-expr","locations":[{"start":{"line":85,"column":27},"end":{"line":85,"column":41}},{"start":{"line":85,"column":45},"end":{"line":85,"column":92}}],"line":85}},"s":{"0":2,"1":2,"2":2,"3":0,"4":0,"5":0,"6":0,"7":2,"8":0,"9":0,"10":0,"11":0,"12":0,"13":0,"14":0,"15":2,"16":0,"17":0,"18":0,"19":0,"20":0,"21":2,"22":0,"23":0,"24":0,"25":0,"26":0,"27":0,"28":0,"29":0,"30":0,"31":2,"32":0,"33":0,"34":0,"35":0,"36":0,"37":0,"38":0,"39":0,"40":2},"f":{"0":0,"1":0,"2":0,"3":0,"4":0,"5":0,"6":0},"b":{"0":[0,0],"1":[0,0],"2":[0,0],"3":[0,0],"4":[0,0],"5":[0,0],"6":[0,0],"7":[0,0],"8":[0,0]},"_coverageSchema":"1a1c01bbd47fc00a2c39e90264f33305004495a9","hash":"a29d69b78922f108fc4df10ea17bf19ef2c42fe1"}
,"/Users/giscam/Documents/Disney-animation/src/controllers/spinoff.js": {"path":"/Users/giscam/Documents/Disney-animation/src/controllers/spinoff.js","statementMap":{"0":{"start":{"line":1,"column":16},"end":{"line":1,"column":40}},"1":{"start":{"line":2,"column":17},"end":{"line":2,"column":44}},"2":{"start":{"line":4,"column":15},"end":{"line":10,"column":1}},"3":{"start":{"line":5,"column":19},"end":{"line":5,"column":75}},"4":{"start":{"line":6,"column":4},"end":{"line":9,"column":7}},"5":{"start":{"line":7,"column":4},"end":{"line":7,"column":54}},"6":{"start":{"line":8,"column":4},"end":{"line":8,"column":32}},"7":{"start":{"line":12,"column":0},"end":{"line":14,"column":1}}},"fnMap":{"0":{"name":"(anonymous_0)","decl":{"start":{"line":4,"column":15},"end":{"line":4,"column":16}},"loc":{"start":{"line":4,"column":41},"end":{"line":10,"column":1}},"line":4},"1":{"name":"(anonymous_1)","decl":{"start":{"line":6,"column":26},"end":{"line":6,"column":27}},"loc":{"start":{"line":6,"column":37},"end":{"line":9,"column":5}},"line":6}},"branchMap":{},"s":{"0":2,"1":2,"2":2,"3":0,"4":0,"5":0,"6":0,"7":2},"f":{"0":0,"1":0},"b":{},"_coverageSchema":"1a1c01bbd47fc00a2c39e90264f33305004495a9","hash":"387ec771220c116420024f98ad4c632ebaf175f1"}
,"/Users/giscam/Documents/Disney-animation/src/db/connect.js": {"path":"/Users/giscam/Documents/Disney-animation/src/db/connect.js","statementMap":{"0":{"start":{"line":1,"column":15},"end":{"line":1,"column":32}},"1":{"start":{"line":2,"column":0},"end":{"line":2,"column":16}},"2":{"start":{"line":3,"column":20},"end":{"line":3,"column":50}},"3":{"start":{"line":7,"column":15},"end":{"line":20,"column":1}},"4":{"start":{"line":8,"column":2},"end":{"line":11,"column":3}},"5":{"start":{"line":9,"column":4},"end":{"line":9,"column":46}},"6":{"start":{"line":10,"column":4},"end":{"line":10,"column":31}},"7":{"start":{"line":12,"column":2},"end":{"line":19,"column":7}},"8":{"start":{"line":14,"column":6},"end":{"line":14,"column":19}},"9":{"start":{"line":15,"column":6},"end":{"line":15,"column":26}},"10":{"start":{"line":18,"column":6},"end":{"line":18,"column":20}},"11":{"start":{"line":22,"column":14},"end":{"line":27,"column":1}},"12":{"start":{"line":23,"column":2},"end":{"line":25,"column":3}},"13":{"start":{"line":24,"column":4},"end":{"line":24,"column":38}},"14":{"start":{"line":26,"column":2},"end":{"line":26,"column":13}},"15":{"start":{"line":29,"column":0},"end":{"line":32,"column":2}}},"fnMap":{"0":{"name":"(anonymous_0)","decl":{"start":{"line":7,"column":15},"end":{"line":7,"column":16}},"loc":{"start":{"line":7,"column":29},"end":{"line":20,"column":1}},"line":7},"1":{"name":"(anonymous_1)","decl":{"start":{"line":13,"column":10},"end":{"line":13,"column":11}},"loc":{"start":{"line":13,"column":22},"end":{"line":16,"column":5}},"line":13},"2":{"name":"(anonymous_2)","decl":{"start":{"line":17,"column":11},"end":{"line":17,"column":12}},"loc":{"start":{"line":17,"column":20},"end":{"line":19,"column":5}},"line":17},"3":{"name":"(anonymous_3)","decl":{"start":{"line":22,"column":14},"end":{"line":22,"column":15}},"loc":{"start":{"line":22,"column":20},"end":{"line":27,"column":1}},"line":22}},"branchMap":{"0":{"loc":{"start":{"line":8,"column":2},"end":{"line":11,"column":3}},"type":"if","locations":[{"start":{"line":8,"column":2},"end":{"line":11,"column":3}},{"start":{},"end":{}}],"line":8},"1":{"loc":{"start":{"line":23,"column":2},"end":{"line":25,"column":3}},"type":"if","locations":[{"start":{"line":23,"column":2},"end":{"line":25,"column":3}},{"start":{},"end":{}}],"line":23}},"s":{"0":2,"1":2,"2":2,"3":2,"4":2,"5":0,"6":0,"7":2,"8":0,"9":0,"10":0,"11":2,"12":0,"13":0,"14":0,"15":2},"f":{"0":2,"1":0,"2":0,"3":0},"b":{"0":[0,2],"1":[0,0]},"_coverageSchema":"1a1c01bbd47fc00a2c39e90264f33305004495a9","hash":"0502606cc531c2dfd66c3d109f69445741f93656"}
,"/Users/giscam/Documents/Disney-animation/src/helpers/validator.js": {"path":"/Users/giscam/Documents/Disney-animation/src/helpers/validator.js","statementMap":{"0":{"start":{"line":1,"column":18},"end":{"line":1,"column":40}},"1":{"start":{"line":2,"column":18},"end":{"line":6,"column":1}},"2":{"start":{"line":3,"column":21},"end":{"line":3,"column":63}},"3":{"start":{"line":4,"column":2},"end":{"line":4,"column":48}},"4":{"start":{"line":4,"column":26},"end":{"line":4,"column":46}},"5":{"start":{"line":5,"column":2},"end":{"line":5,"column":61}},"6":{"start":{"line":5,"column":25},"end":{"line":5,"column":59}},"7":{"start":{"line":8,"column":0},"end":{"line":8,"column":27}}},"fnMap":{"0":{"name":"(anonymous_0)","decl":{"start":{"line":2,"column":18},"end":{"line":2,"column":19}},"loc":{"start":{"line":2,"column":61},"end":{"line":6,"column":1}},"line":2},"1":{"name":"(anonymous_1)","decl":{"start":{"line":4,"column":20},"end":{"line":4,"column":21}},"loc":{"start":{"line":4,"column":26},"end":{"line":4,"column":46}},"line":4},"2":{"name":"(anonymous_2)","decl":{"start":{"line":5,"column":19},"end":{"line":5,"column":20}},"loc":{"start":{"line":5,"column":25},"end":{"line":5,"column":59}},"line":5}},"branchMap":{},"s":{"0":2,"1":2,"2":0,"3":0,"4":0,"5":0,"6":0,"7":2},"f":{"0":0,"1":0,"2":0},"b":{},"_coverageSchema":"1a1c01bbd47fc00a2c39e90264f33305004495a9","hash":"444e8b2a47b8b96045fc4afdeac2a928adfc5e09"}
,"/Users/giscam/Documents/Disney-animation/src/middleware/validate.js": {"path":"/Users/giscam/Documents/Disney-animation/src/middleware/validate.js","statementMap":{"0":{"start":{"line":1,"column":18},"end":{"line":1,"column":49}},"1":{"start":{"line":3,"column":18},"end":{"line":26,"column":3}},"2":{"start":{"line":4,"column":27},"end":{"line":14,"column":5}},"3":{"start":{"line":15,"column":4},"end":{"line":25,"column":7}},"4":{"start":{"line":16,"column":6},"end":{"line":24,"column":7}},"5":{"start":{"line":17,"column":8},"end":{"line":21,"column":11}},"6":{"start":{"line":23,"column":8},"end":{"line":23,"column":15}},"7":{"start":{"line":28,"column":24},"end":{"line":46,"column":3}},"8":{"start":{"line":29,"column":27},"end":{"line":34,"column":5}},"9":{"start":{"line":35,"column":4},"end":{"line":45,"column":7}},"10":{"start":{"line":36,"column":6},"end":{"line":44,"column":7}},"11":{"start":{"line":37,"column":8},"end":{"line":41,"column":11}},"12":{"start":{"line":43,"column":8},"end":{"line":43,"column":15}},"13":{"start":{"line":48,"column":18},"end":{"line":67,"column":3}},"14":{"start":{"line":49,"column":27},"end":{"line":55,"column":5}},"15":{"start":{"line":56,"column":4},"end":{"line":66,"column":7}},"16":{"start":{"line":57,"column":6},"end":{"line":65,"column":7}},"17":{"start":{"line":58,"column":8},"end":{"line":62,"column":11}},"18":{"start":{"line":64,"column":8},"end":{"line":64,"column":15}},"19":{"start":{"line":69,"column":0},"end":{"line":73,"column":2}}},"fnMap":{"0":{"name":"(anonymous_0)","decl":{"start":{"line":3,"column":18},"end":{"line":3,"column":19}},"loc":{"start":{"line":3,"column":38},"end":{"line":26,"column":3}},"line":3},"1":{"name":"(anonymous_1)","decl":{"start":{"line":15,"column":44},"end":{"line":15,"column":45}},"loc":{"start":{"line":15,"column":61},"end":{"line":25,"column":5}},"line":15},"2":{"name":"(anonymous_2)","decl":{"start":{"line":28,"column":24},"end":{"line":28,"column":25}},"loc":{"start":{"line":28,"column":44},"end":{"line":46,"column":3}},"line":28},"3":{"name":"(anonymous_3)","decl":{"start":{"line":35,"column":44},"end":{"line":35,"column":45}},"loc":{"start":{"line":35,"column":61},"end":{"line":45,"column":5}},"line":35},"4":{"name":"(anonymous_4)","decl":{"start":{"line":48,"column":18},"end":{"line":48,"column":19}},"loc":{"start":{"line":48,"column":38},"end":{"line":67,"column":3}},"line":48},"5":{"name":"(anonymous_5)","decl":{"start":{"line":56,"column":44},"end":{"line":56,"column":45}},"loc":{"start":{"line":56,"column":61},"end":{"line":66,"column":5}},"line":56}},"branchMap":{"0":{"loc":{"start":{"line":16,"column":6},"end":{"line":24,"column":7}},"type":"if","locations":[{"start":{"line":16,"column":6},"end":{"line":24,"column":7}},{"start":{"line":22,"column":13},"end":{"line":24,"column":7}}],"line":16},"1":{"loc":{"start":{"line":36,"column":6},"end":{"line":44,"column":7}},"type":"if","locations":[{"start":{"line":36,"column":6},"end":{"line":44,"column":7}},{"start":{"line":42,"column":13},"end":{"line":44,"column":7}}],"line":36},"2":{"loc":{"start":{"line":57,"column":6},"end":{"line":65,"column":7}},"type":"if","locations":[{"start":{"line":57,"column":6},"end":{"line":65,"column":7}},{"start":{"line":63,"column":13},"end":{"line":65,"column":7}}],"line":57}},"s":{"0":2,"1":2,"2":0,"3":0,"4":0,"5":0,"6":0,"7":2,"8":0,"9":0,"10":0,"11":0,"12":0,"13":2,"14":0,"15":0,"16":0,"17":0,"18":0,"19":2},"f":{"0":0,"1":0,"2":0,"3":0,"4":0,"5":0},"b":{"0":[0,0],"1":[0,0],"2":[0,0]},"_coverageSchema":"1a1c01bbd47fc00a2c39e90264f33305004495a9","hash":"530ce5103190bab2ba91bda75b7fec93120e7c25"}
,"/Users/giscam/Documents/Disney-animation/src/routes/characters.js": {"path":"/Users/giscam/Documents/Disney-animation/src/routes/characters.js","statementMap":{"0":{"start":{"line":1,"column":16},"end":{"line":1,"column":34}},"1":{"start":{"line":2,"column":15},"end":{"line":2,"column":31}},"2":{"start":{"line":4,"column":29},"end":{"line":4,"column":65}},"3":{"start":{"line":5,"column":19},"end":{"line":5,"column":52}},"4":{"start":{"line":7,"column":0},"end":{"line":7,"column":45}},"5":{"start":{"line":9,"column":0},"end":{"line":9,"column":51}},"6":{"start":{"line":11,"column":0},"end":{"line":11,"column":83}},"7":{"start":{"line":13,"column":0},"end":{"line":13,"column":84}},"8":{"start":{"line":15,"column":0},"end":{"line":15,"column":61}},"9":{"start":{"line":17,"column":0},"end":{"line":17,"column":24}}},"fnMap":{},"branchMap":{},"s":{"0":2,"1":2,"2":2,"3":2,"4":2,"5":2,"6":2,"7":2,"8":2,"9":2},"f":{},"b":{},"_coverageSchema":"1a1c01bbd47fc00a2c39e90264f33305004495a9","hash":"ff36014b98a939ecc952f0d542466965feb6e6a1"}
,"/Users/giscam/Documents/Disney-animation/src/routes/eras.js": {"path":"/Users/giscam/Documents/Disney-animation/src/routes/eras.js","statementMap":{"0":{"start":{"line":1,"column":16},"end":{"line":1,"column":34}},"1":{"start":{"line":2,"column":15},"end":{"line":2,"column":31}},"2":{"start":{"line":4,"column":23},"end":{"line":4,"column":53}},"3":{"start":{"line":6,"column":0},"end":{"line":6,"column":39}},"4":{"start":{"line":10,"column":0},"end":{"line":10,"column":24}}},"fnMap":{},"branchMap":{},"s":{"0":2,"1":2,"2":2,"3":2,"4":2},"f":{},"b":{},"_coverageSchema":"1a1c01bbd47fc00a2c39e90264f33305004495a9","hash":"11fffad4e80f0ff728e5bd166a701c33296aec5e"}
,"/Users/giscam/Documents/Disney-animation/src/routes/index.js": {"path":"/Users/giscam/Documents/Disney-animation/src/routes/index.js","statementMap":{"0":{"start":{"line":1,"column":16},"end":{"line":1,"column":34}},"1":{"start":{"line":2,"column":15},"end":{"line":2,"column":31}},"2":{"start":{"line":4,"column":0},"end":{"line":4,"column":38}},"3":{"start":{"line":5,"column":0},"end":{"line":5,"column":42}},"4":{"start":{"line":6,"column":0},"end":{"line":6,"column":50}},"5":{"start":{"line":7,"column":0},"end":{"line":7,"column":38}},"6":{"start":{"line":8,"column":0},"end":{"line":8,"column":45}},"7":{"start":{"line":10,"column":0},"end":{"line":10,"column":24}}},"fnMap":{},"branchMap":{},"s":{"0":2,"1":2,"2":2,"3":2,"4":2,"5":2,"6":2,"7":2},"f":{},"b":{},"_coverageSchema":"1a1c01bbd47fc00a2c39e90264f33305004495a9","hash":"6c32a169ecba72ca8f5de08d9b4834d187fa6dc2"}
,"/Users/giscam/Documents/Disney-animation/src/routes/movies.js": {"path":"/Users/giscam/Documents/Disney-animation/src/routes/movies.js","statementMap":{"0":{"start":{"line":1,"column":16},"end":{"line":1,"column":34}},"1":{"start":{"line":2,"column":15},"end":{"line":2,"column":31}},"2":{"start":{"line":4,"column":25},"end":{"line":4,"column":57}},"3":{"start":{"line":5,"column":19},"end":{"line":5,"column":52}},"4":{"start":{"line":7,"column":0},"end":{"line":7,"column":41}},"5":{"start":{"line":9,"column":0},"end":{"line":9,"column":47}},"6":{"start":{"line":11,"column":0},"end":{"line":11,"column":71}},"7":{"start":{"line":13,"column":0},"end":{"line":13,"column":72}},"8":{"start":{"line":15,"column":0},"end":{"line":15,"column":53}},"9":{"start":{"line":17,"column":0},"end":{"line":17,"column":24}}},"fnMap":{},"branchMap":{},"s":{"0":2,"1":2,"2":2,"3":2,"4":2,"5":2,"6":2,"7":2,"8":2,"9":2},"f":{},"b":{},"_coverageSchema":"1a1c01bbd47fc00a2c39e90264f33305004495a9","hash":"dbb46f03f400bdc53bc5d488e91feac838a4d795"}
,"/Users/giscam/Documents/Disney-animation/src/routes/spinoff.js": {"path":"/Users/giscam/Documents/Disney-animation/src/routes/spinoff.js","statementMap":{"0":{"start":{"line":1,"column":16},"end":{"line":1,"column":34}},"1":{"start":{"line":2,"column":15},"end":{"line":2,"column":31}},"2":{"start":{"line":4,"column":26},"end":{"line":4,"column":59}},"3":{"start":{"line":6,"column":0},"end":{"line":6,"column":42}},"4":{"start":{"line":10,"column":0},"end":{"line":10,"column":24}}},"fnMap":{},"branchMap":{},"s":{"0":2,"1":2,"2":2,"3":2,"4":2},"f":{},"b":{},"_coverageSchema":"1a1c01bbd47fc00a2c39e90264f33305004495a9","hash":"85a0cae3f319b74a0de9be68851d973efc1000bf"}
,"/Users/giscam/Documents/Disney-animation/src/routes/swagger.js": {"path":"/Users/giscam/Documents/Disney-animation/src/routes/swagger.js","statementMap":{"0":{"start":{"line":1,"column":15},"end":{"line":1,"column":42}},"1":{"start":{"line":2,"column":18},"end":{"line":2,"column":47}},"2":{"start":{"line":3,"column":24},"end":{"line":3,"column":50}},"3":{"start":{"line":4,"column":0},"end":{"line":4,"column":41}},"4":{"start":{"line":5,"column":0},"end":{"line":5,"column":58}},"5":{"start":{"line":7,"column":0},"end":{"line":7,"column":24}}},"fnMap":{},"branchMap":{},"s":{"0":2,"1":2,"2":2,"3":2,"4":2,"5":2},"f":{},"b":{},"_coverageSchema":"1a1c01bbd47fc00a2c39e90264f33305004495a9","hash":"45b2a2fbe93a7d70cc7dfcbfdeb0f2e2d0f7ad2f"}
}
