{"/Users/Emily/Downloads/CSE341/DisneyAnimation/functions/fn-post.js": {"path":"/Users/Emily/Downloads/CSE341/DisneyAnimation/functions/fn-post.js","statementMap":{"0":{"start":{"line":2,"column":21},"end":{"line":2,"column":94}},"1":{"start":{"line":3,"column":20},"end":{"line":3,"column":39}},"2":{"start":{"line":4,"column":4},"end":{"line":4,"column":39}},"3":{"start":{"line":5,"column":4},"end":{"line":5,"column":33}},"4":{"start":{"line":8,"column":2},"end":{"line":8,"column":30}}},"fnMap":{"0":{"name":"testMovies","decl":{"start":{"line":1,"column":9},"end":{"line":1,"column":19}},"loc":{"start":{"line":1,"column":81},"end":{"line":6,"column":1}},"line":1}},"branchMap":{},"s":{"0":3,"1":3,"2":3,"3":3,"4":1},"f":{"0":3},"b":{},"_coverageSchema":"1a1c01bbd47fc00a2c39e90264f33305004495a9","hash":"c6631410964555f439a80becfae89f10415bf8cd"}
}
